# JRE version: Java(TM) SE Runtime Environment (8.0_181-b13) (build 1.8.0_181-b13)
# Java VM: Java HotSpot(TM) Client VM (25.181-b13 mixed mode windows-x86 )
Heap:
 def new generation   total 9408K, used 1137K [0x06c00000, 0x07630000, 0x0c150000)
  eden space 8384K,   2% used [0x06c00000, 0x06c2aca8, 0x07430000)
  from space 1024K,  94% used [0x07530000, 0x07621898, 0x07630000)
  to   space 1024K,   0% used [0x07430000, 0x07430000, 0x07530000)
 tenured generation   total 20696K, used 18433K [0x0c150000, 0x0d586000, 0x16c00000)
   the space 20696K,  89% used [0x0c150000, 0x0d3507c8, 0x0d350800, 0x0d586000)
 Metaspace       used 8280K, capacity 8584K, committed 8704K, reserved 9600K
GC Heap History (10 events):
Event: 160.918 GC heap before
{Heap before GC invocations=37 (full 8):
 def new generation   total 9408K, used 9346K [0x06c00000, 0x07630000, 0x0c150000)
  eden space 8384K, 100% used [0x06c00000, 0x07430000, 0x07430000)
  from space 1024K,  94% used [0x07430000, 0x07520b80, 0x07530000)
  to   space 1024K,   0% used [0x07530000, 0x07530000, 0x07630000)
 tenured generation   total 20696K, used 13765K [0x0c150000, 0x0d586000, 0x16c00000)
   the space 20696K,  66% used [0x0c150000, 0x0cec1550, 0x0cec1600, 0x0d586000)
 Metaspace       used 8279K, capacity 8584K, committed 8704K, reserved 9600K
Event: 160.920 GC heap after
Heap after GC invocations=38 (full 8):
 def new generation   total 9408K, used 967K [0x06c00000, 0x07630000, 0x0c150000)
  eden space 8384K,   0% used [0x06c00000, 0x06c00000, 0x07430000)
  from space 1024K,  94% used [0x07530000, 0x07621f00, 0x07630000)
  to   space 1024K,   0% used [0x07430000, 0x07430000, 0x07530000)
 tenured generation   total 20696K, used 14688K [0x0c150000, 0x0d586000, 0x16c00000)
   the space 20696K,  70% used [0x0c150000, 0x0cfa8188, 0x0cfa8200, 0x0d586000)
 Metaspace       used 8279K, capacity 8584K, committed 8704K, reserved 9600K
}
Event: 160.975 GC heap before
{Heap before GC invocations=38 (full 8):
 def new generation   total 9408K, used 9351K [0x06c00000, 0x07630000, 0x0c150000)
  eden space 8384K, 100% used [0x06c00000, 0x07430000, 0x07430000)
  from space 1024K,  94% used [0x07530000, 0x07621f00, 0x07630000)
  to   space 1024K,   0% used [0x07430000, 0x07430000, 0x07530000)
 tenured generation   total 20696K, used 14688K [0x0c150000, 0x0d586000, 0x16c00000)
   the space 20696K,  70% used [0x0c150000, 0x0cfa8188, 0x0cfa8200, 0x0d586000)
 Metaspace       used 8279K, capacity 8584K, committed 8704K, reserved 9600K
Event: 160.977 GC heap after
Heap after GC invocations=39 (full 8):
 def new generation   total 9408K, used 988K [0x06c00000, 0x07630000, 0x0c150000)
  eden space 8384K,   0% used [0x06c00000, 0x06c00000, 0x07430000)
  from space 1024K,  96% used [0x07430000, 0x07527008, 0x07530000)
  to   space 1024K,   0% used [0x07530000, 0x07530000, 0x07630000)
 tenured generation   total 20696K, used 15616K [0x0c150000, 0x0d586000, 0x16c00000)
   the space 20696K,  75% used [0x0c150000, 0x0d090230, 0x0d090400, 0x0d586000)
 Metaspace       used 8279K, capacity 8584K, committed 8704K, reserved 9600K
}
Event: 161.031 GC heap before
{Heap before GC invocations=39 (full 8):
 def new generation   total 9408K, used 9372K [0x06c00000, 0x07630000, 0x0c150000)
  eden space 8384K, 100% used [0x06c00000, 0x07430000, 0x07430000)
  from space 1024K,  96% used [0x07430000, 0x07527008, 0x07530000)
  to   space 1024K,   0% used [0x07530000, 0x07530000, 0x07630000)
 tenured generation   total 20696K, used 15616K [0x0c150000, 0x0d586000, 0x16c00000)
   the space 20696K,  75% used [0x0c150000, 0x0d090230, 0x0d090400, 0x0d586000)
 Metaspace       used 8279K, capacity 8584K, committed 8704K, reserved 9600K
Event: 161.032 GC heap after
Heap after GC invocations=40 (full 8):
 def new generation   total 9408K, used 967K [0x06c00000, 0x07630000, 0x0c150000)
  eden space 8384K,   0% used [0x06c00000, 0x06c00000, 0x07430000)
  from space 1024K,  94% used [0x07530000, 0x07621e38, 0x07630000)
  to   space 1024K,   0% used [0x07430000, 0x07430000, 0x07530000)
 tenured generation   total 20696K, used 16580K [0x0c150000, 0x0d586000, 0x16c00000)
   the space 20696K,  80% used [0x0c150000, 0x0d1813e8, 0x0d181400, 0x0d586000)
 Metaspace       used 8279K, capacity 8584K, committed 8704K, reserved 9600K
}
Event: 161.087 GC heap before
{Heap before GC invocations=40 (full 8):
 def new generation   total 9408K, used 9351K [0x06c00000, 0x07630000, 0x0c150000)
  eden space 8384K, 100% used [0x06c00000, 0x07430000, 0x07430000)
  from space 1024K,  94% used [0x07530000, 0x07621e38, 0x07630000)
  to   space 1024K,   0% used [0x07430000, 0x07430000, 0x07530000)
 tenured generation   total 20696K, used 16580K [0x0c150000, 0x0d586000, 0x16c00000)
   the space 20696K,  80% used [0x0c150000, 0x0d1813e8, 0x0d181400, 0x0d586000)
 Metaspace       used 8279K, capacity 8584K, committed 8704K, reserved 9600K
Event: 161.089 GC heap after
Heap after GC invocations=41 (full 8):
 def new generation   total 9408K, used 966K [0x06c00000, 0x07630000, 0x0c150000)
  eden space 8384K,   0% used [0x06c00000, 0x06c00000, 0x07430000)
  from space 1024K,  94% used [0x07430000, 0x07521858, 0x07530000)
  to   space 1024K,   0% used [0x07530000, 0x07530000, 0x07630000)
 tenured generation   total 20696K, used 17507K [0x0c150000, 0x0d586000, 0x16c00000)
   the space 20696K,  84% used [0x0c150000, 0x0d268dd8, 0x0d268e00, 0x0d586000)
 Metaspace       used 8279K, capacity 8584K, committed 8704K, reserved 9600K
}
Event: 161.143 GC heap before
{Heap before GC invocations=41 (full 8):
 def new generation   total 9408K, used 9350K [0x06c00000, 0x07630000, 0x0c150000)
  eden space 8384K, 100% used [0x06c00000, 0x07430000, 0x07430000)
  from space 1024K,  94% used [0x07430000, 0x07521858, 0x07530000)
  to   space 1024K,   0% used [0x07530000, 0x07530000, 0x07630000)
 tenured generation   total 20696K, used 17507K [0x0c150000, 0x0d586000, 0x16c00000)
   the space 20696K,  84% used [0x0c150000, 0x0d268dd8, 0x0d268e00, 0x0d586000)
 Metaspace       used 8279K, capacity 8584K, committed 8704K, reserved 9600K
Event: 161.145 GC heap after
Heap after GC invocations=42 (full 8):
 def new generation   total 9408K, used 966K [0x06c00000, 0x07630000, 0x0c150000)
  eden space 8384K,   0% used [0x06c00000, 0x06c00000, 0x07430000)
  from space 1024K,  94% used [0x07530000, 0x07621898, 0x07630000)
  to   space 1024K,   0% used [0x07430000, 0x07430000, 0x07530000)
 tenured generation   total 20696K, used 18433K [0x0c150000, 0x0d586000, 0x16c00000)
   the space 20696K,  89% used [0x0c150000, 0x0d3507c8, 0x0d350800, 0x0d586000)
 Metaspace       used 8279K, capacity 8584K, committed 8704K, reserved 9600K
}

